2026-06-30 05:29:43,378 [DEBUG] Initializing backend: None http_cache
2026-06-30 05:29:43,379 [DEBUG] Initialized SQLiteDict with serializer: SerializerPipeline(name=pickle, n_stages=2)
2026-06-30 05:29:43,379 [DEBUG] Opening connection to /home/runner/work/landscape/landscape/http_cache.sqlite:responses
2026-06-30 05:29:43,383 [DEBUG] Initialized SQLiteDict with serializer: None
2026-06-30 05:29:43,383 [DEBUG] Opening connection to /home/runner/work/landscape/landscape/http_cache.sqlite:redirects
2026-06-30 05:29:43,385 [WARNING] Couldn't find slug for project 'None'
2026-06-30 05:29:43,385 [DEBUG] Initializing backend: None http_cache
2026-06-30 05:29:43,386 [DEBUG] Initialized SQLiteDict with serializer: SerializerPipeline(name=pickle, n_stages=2)
2026-06-30 05:29:43,386 [DEBUG] Opening connection to /home/runner/work/landscape/landscape/http_cache.sqlite:responses
2026-06-30 05:29:43,386 [DEBUG] Initialized SQLiteDict with serializer: None
2026-06-30 05:29:43,386 [DEBUG] Opening connection to /home/runner/work/landscape/landscape/http_cache.sqlite:redirects
2026-06-30 05:29:43,391 [DEBUG] Cache directives from request headers: CacheDirectives()
2026-06-30 05:29:43,391 [DEBUG] Pre-read cache checks: Passed
2026-06-30 05:29:43,391 [DEBUG] Post-read cache actions: CacheActions(expire_after=-1, send_request=True)
2026-06-30 05:29:43,391 [DEBUG] Starting new HTTPS connection (1): api-gw.platform.linuxfoundation.org:443
2026-06-30 05:29:43,742 [DEBUG] https://api-gw.platform.linuxfoundation.org:443 "GET /project-service/v1/public/projects?slug=overfund HTTP/1.1" 200 920
2026-06-30 05:29:43,742 [DEBUG] Pre-write cache checks: Passed
2026-06-30 05:29:43,746 [INFO] Loading LFX Members data
2026-06-30 05:29:43,747 [DEBUG] Starting new HTTPS connection (1): api-gw.platform.linuxfoundation.org:443
2026-06-30 05:29:44,154 [DEBUG] https://api-gw.platform.linuxfoundation.org:443 "GET /project-service/v1/public/projects/a092M00001L1HxuQAF/members?orderBy=name&status=Active,At%20Risk HTTP/1.1" 200 None
2026-06-30 05:29:44,213 [INFO] Found 45 records
2026-06-30 05:29:44,213 [DEBUG] Looking for 'Addresscloud'
2026-06-30 05:29:44,213 [INFO] Found LFX Member 'Addresscloud'
2026-06-30 05:29:44,213 [DEBUG] Initializing backend: None http_cache
2026-06-30 05:29:44,214 [DEBUG] Initialized SQLiteDict with serializer: SerializerPipeline(name=pickle, n_stages=2)
2026-06-30 05:29:44,214 [DEBUG] Opening connection to /home/runner/work/landscape/landscape/http_cache.sqlite:responses
2026-06-30 05:29:44,214 [DEBUG] Initialized SQLiteDict with serializer: None
2026-06-30 05:29:44,215 [DEBUG] Opening connection to /home/runner/work/landscape/landscape/http_cache.sqlite:redirects
2026-06-30 05:29:44,216 [DEBUG] Cache directives from request headers: CacheDirectives()
2026-06-30 05:29:44,216 [DEBUG] Pre-read cache checks: Passed
2026-06-30 05:29:44,216 [DEBUG] Post-read cache actions: CacheActions(expire_after=-1, send_request=True)
2026-06-30 05:29:44,216 [DEBUG] Starting new HTTPS connection (1): raw.githubusercontent.com:443
2026-06-30 05:29:44,402 [DEBUG] https://raw.githubusercontent.com:443 "GET /cncf/landscape2/refs/heads/main/docs/config/data.yml HTTP/1.1" 200 3739
2026-06-30 05:29:44,402 [DEBUG] Pre-write cache checks: Passed
2026-06-30 05:29:44,433 [DEBUG] Starting new HTTPS connection (1): lf-master-organization-logos-prod.s3.us-east-2.amazonaws.com:443
2026-06-30 05:29:44,676 [DEBUG] https://lf-master-organization-logos-prod.s3.us-east-2.amazonaws.com:443 "GET /addresscloud.svg HTTP/1.1" 200 4760
2026-06-30 05:29:44,676 [DEBUG] URL loaded 'https://lf-master-organization-logos-prod.s3.us-east-2.amazonaws.com/addresscloud.svg'
2026-06-30 05:29:44,677 [DEBUG] Looking for 'AddressForAll Institute'
2026-06-30 05:29:44,677 [INFO] Found LFX Member 'AddressForAll Institute'
2026-06-30 05:29:44,677 [DEBUG] Initializing backend: None http_cache
2026-06-30 05:29:44,678 [DEBUG] Initialized SQLiteDict with serializer: SerializerPipeline(name=pickle, n_stages=2)
2026-06-30 05:29:44,678 [DEBUG] Opening connection to /home/runner/work/landscape/landscape/http_cache.sqlite:responses
2026-06-30 05:29:44,679 [DEBUG] Initialized SQLiteDict with serializer: None
2026-06-30 05:29:44,679 [DEBUG] Opening connection to /home/runner/work/landscape/landscape/http_cache.sqlite:redirects
2026-06-30 05:29:44,680 [DEBUG] Cache directives from request headers: CacheDirectives()
2026-06-30 05:29:44,680 [DEBUG] Pre-read cache checks: Passed
2026-06-30 05:29:44,684 [DEBUG] Post-read cache actions: CacheActions(expire_after=-1)
2026-06-30 05:29:44,700 [DEBUG] Starting new HTTPS connection (1): lf-master-organization-logos-prod.s3.us-east-2.amazonaws.com:443
2026-06-30 05:29:45,016 [DEBUG] https://lf-master-organization-logos-prod.s3.us-east-2.amazonaws.com:443 "GET /addressforall-institute.svg HTTP/1.1" 200 6999
2026-06-30 05:29:45,016 [DEBUG] URL loaded 'https://lf-master-organization-logos-prod.s3.us-east-2.amazonaws.com/addressforall-institute.svg'
2026-06-30 05:29:45,017 [WARNING] Member.crunchbase for 'AddressForAll Institute' must be set to a valid Crunchbase URL - 'None' provided
2026-06-30 05:29:45,017 [DEBUG] Looking for 'Amazon Web Services'
2026-06-30 05:29:45,017 [INFO] Found LFX Member 'Amazon Web Services, Inc.'
2026-06-30 05:29:45,017 [DEBUG] Initializing backend: None http_cache
2026-06-30 05:29:45,018 [DEBUG] Initialized SQLiteDict with serializer: SerializerPipeline(name=pickle, n_stages=2)
2026-06-30 05:29:45,018 [DEBUG] Opening connection to /home/runner/work/landscape/landscape/http_cache.sqlite:responses
2026-06-30 05:29:45,019 [DEBUG] Initialized SQLiteDict with serializer: None
2026-06-30 05:29:45,019 [DEBUG] Opening connection to /home/runner/work/landscape/landscape/http_cache.sqlite:redirects
2026-06-30 05:29:45,020 [DEBUG] Cache directives from request headers: CacheDirectives()
2026-06-30 05:29:45,020 [DEBUG] Pre-read cache checks: Passed
2026-06-30 05:29:45,021 [DEBUG] Post-read cache actions: CacheActions(expire_after=-1)
2026-06-30 05:29:45,036 [DEBUG] Starting new HTTPS connection (1): lf-master-organization-logos-prod.s3.us-east-2.amazonaws.com:443
2026-06-30 05:29:45,265 [DEBUG] https://lf-master-organization-logos-prod.s3.us-east-2.amazonaws.com:443 "GET /amazon-web-services-inc.svg HTTP/1.1" 200 7264
2026-06-30 05:29:45,265 [DEBUG] URL loaded 'https://lf-master-organization-logos-prod.s3.us-east-2.amazonaws.com/amazon-web-services-inc.svg'
2026-06-30 05:29:45,267 [DEBUG] Looking for 'BrightQuery'
2026-06-30 05:29:45,267 [INFO] Found LFX Member 'BrightQuery'
2026-06-30 05:29:45,267 [DEBUG] Initializing backend: None http_cache
2026-06-30 05:29:45,267 [DEBUG] Initialized SQLiteDict with serializer: SerializerPipeline(name=pickle, n_stages=2)
2026-06-30 05:29:45,267 [DEBUG] Opening connection to /home/runner/work/landscape/landscape/http_cache.sqlite:responses
2026-06-30 05:29:45,268 [DEBUG] Initialized SQLiteDict with serializer: None
2026-06-30 05:29:45,268 [DEBUG] Opening connection to /home/runner/work/landscape/landscape/http_cache.sqlite:redirects
2026-06-30 05:29:45,269 [DEBUG] Cache directives from request headers: CacheDirectives()
2026-06-30 05:29:45,269 [DEBUG] Pre-read cache checks: Passed
2026-06-30 05:29:45,270 [DEBUG] Post-read cache actions: CacheActions(expire_after=-1)
2026-06-30 05:29:45,286 [DEBUG] Starting new HTTPS connection (1): lf-master-organization-logos-prod.s3.us-east-2.amazonaws.com:443
2026-06-30 05:29:45,542 [DEBUG] https://lf-master-organization-logos-prod.s3.us-east-2.amazonaws.com:443 "GET /brightquery.svg HTTP/1.1" 200 19555
2026-06-30 05:29:45,604 [DEBUG] URL loaded 'https://lf-master-organization-logos-prod.s3.us-east-2.amazonaws.com/brightquery.svg'
2026-06-30 05:29:45,605 [WARNING] Member.crunchbase for 'BrightQuery' must be set to a valid Crunchbase URL - 'None' provided
2026-06-30 05:29:45,606 [DEBUG] Looking for 'Camptocamp'
2026-06-30 05:29:45,606 [INFO] Found LFX Member 'Camptocamp'
2026-06-30 05:29:45,606 [DEBUG] Initializing backend: None http_cache
2026-06-30 05:29:45,606 [DEBUG] Initialized SQLiteDict with serializer: SerializerPipeline(name=pickle, n_stages=2)
2026-06-30 05:29:45,607 [DEBUG] Opening connection to /home/runner/work/landscape/landscape/http_cache.sqlite:responses
2026-06-30 05:29:45,607 [DEBUG] Initialized SQLiteDict with serializer: None
2026-06-30 05:29:45,607 [DEBUG] Opening connection to /home/runner/work/landscape/landscape/http_cache.sqlite:redirects
2026-06-30 05:29:45,608 [DEBUG] Cache directives from request headers: CacheDirectives()
2026-06-30 05:29:45,608 [DEBUG] Pre-read cache checks: Passed
2026-06-30 05:29:45,609 [DEBUG] Post-read cache actions: CacheActions(expire_after=-1)
2026-06-30 05:29:45,625 [DEBUG] Starting new HTTPS connection (1): lf-master-organization-logos-prod.s3.us-east-2.amazonaws.com:443
2026-06-30 05:29:45,863 [DEBUG] https://lf-master-organization-logos-prod.s3.us-east-2.amazonaws.com:443 "GET /camptocamp.svg HTTP/1.1" 200 4677
2026-06-30 05:29:45,863 [DEBUG] URL loaded 'https://lf-master-organization-logos-prod.s3.us-east-2.amazonaws.com/camptocamp.svg'
2026-06-30 05:29:45,864 [DEBUG] Looking for 'CARIAD SE'
2026-06-30 05:29:45,864 [INFO] Found LFX Member 'CARIAD SE'
2026-06-30 05:29:45,864 [DEBUG] Initializing backend: None http_cache
2026-06-30 05:29:45,865 [DEBUG] Initialized SQLiteDict with serializer: SerializerPipeline(name=pickle, n_stages=2)
2026-06-30 05:29:45,865 [DEBUG] Opening connection to /home/runner/work/landscape/landscape/http_cache.sqlite:responses
2026-06-30 05:29:45,865 [DEBUG] Initialized SQLiteDict with serializer: None
2026-06-30 05:29:45,866 [DEBUG] Opening connection to /home/runner/work/landscape/landscape/http_cache.sqlite:redirects
2026-06-30 05:29:45,867 [DEBUG] Cache directives from request headers: CacheDirectives()
2026-06-30 05:29:45,867 [DEBUG] Pre-read cache checks: Passed
2026-06-30 05:29:45,868 [DEBUG] Post-read cache actions: CacheActions(expire_after=-1)
2026-06-30 05:29:45,884 [DEBUG] Starting new HTTPS connection (1): lf-master-organization-logos-prod.s3.us-east-2.amazonaws.com:443
2026-06-30 05:29:46,105 [DEBUG] https://lf-master-organization-logos-prod.s3.us-east-2.amazonaws.com:443 "GET /CARIADSE.svg HTTP/1.1" 200 5144
2026-06-30 05:29:46,106 [DEBUG] URL loaded 'https://lf-master-organization-logos-prod.s3.us-east-2.amazonaws.com/CARIADSE.svg'
2026-06-30 05:29:46,107 [WARNING] Member.crunchbase for 'CARIAD SE' must be set to a valid Crunchbase URL - 'None' provided
2026-06-30 05:29:46,107 [DEBUG] Looking for 'con terra'
2026-06-30 05:29:46,107 [INFO] Found LFX Member 'con terra'
2026-06-30 05:29:46,107 [DEBUG] Initializing backend: None http_cache
2026-06-30 05:29:46,108 [DEBUG] Initialized SQLiteDict with serializer: SerializerPipeline(name=pickle, n_stages=2)
2026-06-30 05:29:46,108 [DEBUG] Opening connection to /home/runner/work/landscape/landscape/http_cache.sqlite:responses
2026-06-30 05:29:46,108 [DEBUG] Initialized SQLiteDict with serializer: None
2026-06-30 05:29:46,109 [DEBUG] Opening connection to /home/runner/work/landscape/landscape/http_cache.sqlite:redirects
2026-06-30 05:29:46,110 [DEBUG] Cache directives from request headers: CacheDirectives()
2026-06-30 05:29:46,110 [DEBUG] Pre-read cache checks: Passed
2026-06-30 05:29:46,110 [DEBUG] Post-read cache actions: CacheActions(expire_after=-1)
2026-06-30 05:29:46,126 [DEBUG] Starting new HTTPS connection (1): lf-master-organization-logos-prod.s3.us-east-2.amazonaws.com:443
2026-06-30 05:29:46,388 [DEBUG] https://lf-master-organization-logos-prod.s3.us-east-2.amazonaws.com:443 "GET /con-terra.svg HTTP/1.1" 200 2494
2026-06-30 05:29:46,388 [DEBUG] URL loaded 'https://lf-master-organization-logos-prod.s3.us-east-2.amazonaws.com/con-terra.svg'
2026-06-30 05:29:46,389 [WARNING] Member.crunchbase for 'con terra' must be set to a valid Crunchbase URL - 'None' provided
2026-06-30 05:29:46,389 [DEBUG] Looking for 'CoreLogic Solutions'
2026-06-30 05:29:46,389 [INFO] Found LFX Member 'CoreLogic Solutions, LLC.'
2026-06-30 05:29:46,389 [DEBUG] Initializing backend: None http_cache
2026-06-30 05:29:46,390 [DEBUG] Initialized SQLiteDict with serializer: SerializerPipeline(name=pickle, n_stages=2)
2026-06-30 05:29:46,390 [DEBUG] Opening connection to /home/runner/work/landscape/landscape/http_cache.sqlite:responses
2026-06-30 05:29:46,391 [DEBUG] Initialized SQLiteDict with serializer: None
2026-06-30 05:29:46,391 [DEBUG] Opening connection to /home/runner/work/landscape/landscape/http_cache.sqlite:redirects
2026-06-30 05:29:46,392 [DEBUG] Cache directives from request headers: CacheDirectives()
2026-06-30 05:29:46,392 [DEBUG] Pre-read cache checks: Passed
2026-06-30 05:29:46,393 [DEBUG] Post-read cache actions: CacheActions(expire_after=-1)
2026-06-30 05:29:46,408 [DEBUG] Starting new HTTPS connection (1): lf-platform-documents-prod.s3.amazonaws.com:443
2026-06-30 05:29:46,694 [DEBUG] https://lf-platform-documents-prod.s3.amazonaws.com:443 "GET /corelogic_solutions_llc_1744078252359_001QP00000RVtIXYA1.svg HTTP/1.1" 200 7215
2026-06-30 05:29:46,694 [DEBUG] URL loaded 'https://lf-platform-documents-prod.s3.amazonaws.com/corelogic_solutions_llc_1744078252359_001QP00000RVtIXYA1.svg'
2026-06-30 05:29:46,695 [WARNING] Member.crunchbase for 'CoreLogic Solutions, LLC.' must be set to a valid Crunchbase URL - 'None' provided
2026-06-30 05:29:46,695 [DEBUG] Looking for 'Cyient'
2026-06-30 05:29:46,695 [INFO] Found LFX Member 'Cyient Limited'
2026-06-30 05:29:46,695 [DEBUG] Initializing backend: None http_cache
2026-06-30 05:29:46,696 [DEBUG] Initialized SQLiteDict with serializer: SerializerPipeline(name=pickle, n_stages=2)
2026-06-30 05:29:46,696 [DEBUG] Opening connection to /home/runner/work/landscape/landscape/http_cache.sqlite:responses
2026-06-30 05:29:46,696 [DEBUG] Initialized SQLiteDict with serializer: None
2026-06-30 05:29:46,697 [DEBUG] Opening connection to /home/runner/work/landscape/landscape/http_cache.sqlite:redirects
2026-06-30 05:29:46,698 [DEBUG] Cache directives from request headers: CacheDirectives()
2026-06-30 05:29:46,698 [DEBUG] Pre-read cache checks: Passed
2026-06-30 05:29:46,698 [DEBUG] Post-read cache actions: CacheActions(expire_after=-1)
2026-06-30 05:29:46,714 [DEBUG] Starting new HTTPS connection (1): lf-master-organization-logos-prod.s3.us-east-2.amazonaws.com:443
2026-06-30 05:29:46,962 [DEBUG] https://lf-master-organization-logos-prod.s3.us-east-2.amazonaws.com:443 "GET /cyientlimited.svg HTTP/1.1" 200 41909
2026-06-30 05:29:47,024 [DEBUG] URL loaded 'https://lf-master-organization-logos-prod.s3.us-east-2.amazonaws.com/cyientlimited.svg'
2026-06-30 05:29:47,025 [DEBUG] Looking for 'Development Seed'
2026-06-30 05:29:47,025 [INFO] Found LFX Member 'Development Seed'
2026-06-30 05:29:47,025 [DEBUG] Initializing backend: None http_cache
2026-06-30 05:29:47,026 [DEBUG] Initialized SQLiteDict with serializer: SerializerPipeline(name=pickle, n_stages=2)
2026-06-30 05:29:47,026 [DEBUG] Opening connection to /home/runner/work/landscape/landscape/http_cache.sqlite:responses
2026-06-30 05:29:47,027 [DEBUG] Initialized SQLiteDict with serializer: None
2026-06-30 05:29:47,027 [DEBUG] Opening connection to /home/runner/work/landscape/landscape/http_cache.sqlite:redirects
2026-06-30 05:29:47,028 [DEBUG] Cache directives from request headers: CacheDirectives()
2026-06-30 05:29:47,028 [DEBUG] Pre-read cache checks: Passed
2026-06-30 05:29:47,029 [DEBUG] Post-read cache actions: CacheActions(expire_after=-1)
2026-06-30 05:29:47,045 [DEBUG] Starting new HTTPS connection (1): lf-platform-documents-prod.s3.amazonaws.com:443
2026-06-30 05:29:47,325 [DEBUG] https://lf-platform-documents-prod.s3.amazonaws.com:443 "GET /development_seed_1704291457010_0012M00002tHpgZQAS.svg HTTP/1.1" 200 9260
2026-06-30 05:29:47,326 [DEBUG] URL loaded 'https://lf-platform-documents-prod.s3.amazonaws.com/development_seed_1704291457010_0012M00002tHpgZQAS.svg'
2026-06-30 05:29:47,327 [DEBUG] Looking for 'E Foundation'
2026-06-30 05:29:47,327 [INFO] Found LFX Member 'E Foundation'
2026-06-30 05:29:47,327 [DEBUG] Initializing backend: None http_cache
2026-06-30 05:29:47,327 [DEBUG] Initialized SQLiteDict with serializer: SerializerPipeline(name=pickle, n_stages=2)
2026-06-30 05:29:47,328 [DEBUG] Opening connection to /home/runner/work/landscape/landscape/http_cache.sqlite:responses
2026-06-30 05:29:47,328 [DEBUG] Initialized SQLiteDict with serializer: None
2026-06-30 05:29:47,328 [DEBUG] Opening connection to /home/runner/work/landscape/landscape/http_cache.sqlite:redirects
2026-06-30 05:29:47,330 [DEBUG] Cache directives from request headers: CacheDirectives()
2026-06-30 05:29:47,330 [DEBUG] Pre-read cache checks: Passed
2026-06-30 05:29:47,330 [DEBUG] Post-read cache actions: CacheActions(expire_after=-1)
2026-06-30 05:29:47,348 [DEBUG] Starting new HTTPS connection (1): lf-master-organization-logos-prod.s3.us-east-2.amazonaws.com:443
2026-06-30 05:29:47,602 [DEBUG] https://lf-master-organization-logos-prod.s3.us-east-2.amazonaws.com:443 "GET /e-foundation.svg HTTP/1.1" 200 19529
2026-06-30 05:29:47,603 [DEBUG] URL loaded 'https://lf-master-organization-logos-prod.s3.us-east-2.amazonaws.com/e-foundation.svg'
2026-06-30 05:29:47,604 [WARNING] Member.logo for 'E Foundation' invalid format
2026-06-30 05:29:47,604 [INFO] Creating text logo for 'E Foundation'
2026-06-30 05:29:47,848 [DEBUG] Generated logo from name E Foundation
2026-06-30 05:29:47,848 [WARNING] Member.crunchbase for 'E Foundation' must be set to a valid Crunchbase URL - 'None' provided
2026-06-30 05:29:47,848 [DEBUG] Looking for 'Environmental Systems Research Institute'
2026-06-30 05:29:47,848 [INFO] Found LFX Member 'Environmental Systems Research Institute, Inc. (ESRI)'
2026-06-30 05:29:47,848 [DEBUG] Initializing backend: None http_cache
2026-06-30 05:29:47,849 [DEBUG] Initialized SQLiteDict with serializer: SerializerPipeline(name=pickle, n_stages=2)
2026-06-30 05:29:47,849 [DEBUG] Opening connection to /home/runner/work/landscape/landscape/http_cache.sqlite:responses
2026-06-30 05:29:47,850 [DEBUG] Initialized SQLiteDict with serializer: None
2026-06-30 05:29:47,850 [DEBUG] Opening connection to /home/runner/work/landscape/landscape/http_cache.sqlite:redirects
2026-06-30 05:29:47,851 [DEBUG] Cache directives from request headers: CacheDirectives()
2026-06-30 05:29:47,851 [DEBUG] Pre-read cache checks: Passed
2026-06-30 05:29:47,852 [DEBUG] Post-read cache actions: CacheActions(expire_after=-1)
2026-06-30 05:29:47,869 [DEBUG] Starting new HTTPS connection (1): lf-master-organization-logos-prod.s3.us-east-2.amazonaws.com:443
2026-06-30 05:29:48,157 [DEBUG] https://lf-master-organization-logos-prod.s3.us-east-2.amazonaws.com:443 "GET /environmentalsystemsresearchinstituteinc.esri.svg HTTP/1.1" 200 87406
2026-06-30 05:29:48,277 [DEBUG] URL loaded 'https://lf-master-organization-logos-prod.s3.us-east-2.amazonaws.com/environmentalsystemsresearchinstituteinc.esri.svg'
2026-06-30 05:29:48,278 [DEBUG] Looking for 'Fresno County Department of Public Works & Planning'
2026-06-30 05:29:48,278 [INFO] Found LFX Member 'Fresno County Department of Public Works & Planning'
2026-06-30 05:29:48,278 [DEBUG] Initializing backend: None http_cache
2026-06-30 05:29:48,279 [DEBUG] Initialized SQLiteDict with serializer: SerializerPipeline(name=pickle, n_stages=2)
2026-06-30 05:29:48,279 [DEBUG] Opening connection to /home/runner/work/landscape/landscape/http_cache.sqlite:responses
2026-06-30 05:29:48,280 [DEBUG] Initialized SQLiteDict with serializer: None
2026-06-30 05:29:48,280 [DEBUG] Opening connection to /home/runner/work/landscape/landscape/http_cache.sqlite:redirects
2026-06-30 05:29:48,281 [DEBUG] Cache directives from request headers: CacheDirectives()
2026-06-30 05:29:48,281 [DEBUG] Pre-read cache checks: Passed
2026-06-30 05:29:48,282 [DEBUG] Post-read cache actions: CacheActions(expire_after=-1)
2026-06-30 05:29:48,297 [DEBUG] Starting new HTTPS connection (1): lf-platform-documents-prod.s3.amazonaws.com:443
2026-06-30 05:29:48,641 [DEBUG] https://lf-platform-documents-prod.s3.amazonaws.com:443 "GET /fresno_county_department_of_public_works_planning_1770041128987_001QP00000HsMRZYA3.svg HTTP/1.1" 200 59640
2026-06-30 05:29:48,709 [DEBUG] URL loaded 'https://lf-platform-documents-prod.s3.amazonaws.com/fresno_county_department_of_public_works_planning_1770041128987_001QP00000HsMRZYA3.svg'
2026-06-30 05:29:48,710 [WARNING] Member.crunchbase for 'Fresno County Department of Public Works & Planning' must be set to a valid Crunchbase URL - 'None' provided
2026-06-30 05:29:48,710 [DEBUG] Looking for 'Fused'
2026-06-30 05:29:48,711 [INFO] Found LFX Member 'Fused'
2026-06-30 05:29:48,711 [DEBUG] Initializing backend: None http_cache
2026-06-30 05:29:48,711 [DEBUG] Initialized SQLiteDict with serializer: SerializerPipeline(name=pickle, n_stages=2)
2026-06-30 05:29:48,711 [DEBUG] Opening connection to /home/runner/work/landscape/landscape/http_cache.sqlite:responses
2026-06-30 05:29:48,712 [DEBUG] Initialized SQLiteDict with serializer: None
2026-06-30 05:29:48,712 [DEBUG] Opening connection to /home/runner/work/landscape/landscape/http_cache.sqlite:redirects
2026-06-30 05:29:48,713 [DEBUG] Cache directives from request headers: CacheDirectives()
2026-06-30 05:29:48,713 [DEBUG] Pre-read cache checks: Passed
2026-06-30 05:29:48,714 [DEBUG] Post-read cache actions: CacheActions(expire_after=-1)
2026-06-30 05:29:48,729 [DEBUG] Starting new HTTPS connection (1): lf-master-organization-logos-prod.s3.us-east-2.amazonaws.com:443
2026-06-30 05:29:48,963 [DEBUG] https://lf-master-organization-logos-prod.s3.us-east-2.amazonaws.com:443 "GET /fused.svg HTTP/1.1" 200 5738
2026-06-30 05:29:48,963 [DEBUG] URL loaded 'https://lf-master-organization-logos-prod.s3.us-east-2.amazonaws.com/fused.svg'
2026-06-30 05:29:48,964 [WARNING] Member.crunchbase for 'Fused' must be set to a valid Crunchbase URL - 'None' provided
2026-06-30 05:29:48,964 [DEBUG] Looking for 'GEM Foundation'
2026-06-30 05:29:48,964 [INFO] Found LFX Member 'GEM Foundation'
2026-06-30 05:29:48,964 [DEBUG] Initializing backend: None http_cache
2026-06-30 05:29:48,965 [DEBUG] Initialized SQLiteDict with serializer: SerializerPipeline(name=pickle, n_stages=2)
2026-06-30 05:29:48,965 [DEBUG] Opening connection to /home/runner/work/landscape/landscape/http_cache.sqlite:responses
2026-06-30 05:29:48,965 [DEBUG] Initialized SQLiteDict with serializer: None
2026-06-30 05:29:48,966 [DEBUG] Opening connection to /home/runner/work/landscape/landscape/http_cache.sqlite:redirects
2026-06-30 05:29:48,967 [DEBUG] Cache directives from request headers: CacheDirectives()
2026-06-30 05:29:48,967 [DEBUG] Pre-read cache checks: Passed
2026-06-30 05:29:48,968 [DEBUG] Post-read cache actions: CacheActions(expire_after=-1)
2026-06-30 05:29:48,983 [DEBUG] Starting new HTTPS connection (1): lf-master-organization-logos-prod.s3.us-east-2.amazonaws.com:443
2026-06-30 05:29:49,279 [DEBUG] https://lf-master-organization-logos-prod.s3.us-east-2.amazonaws.com:443 "GET /gem-foundation.svg HTTP/1.1" 200 92017
2026-06-30 05:29:49,398 [DEBUG] URL loaded 'https://lf-master-organization-logos-prod.s3.us-east-2.amazonaws.com/gem-foundation.svg'
2026-06-30 05:29:49,399 [WARNING] Member.crunchbase for 'GEM Foundation' must be set to a valid Crunchbase URL - 'None' provided
2026-06-30 05:29:49,400 [DEBUG] Looking for 'GlobalLogic'
2026-06-30 05:29:49,400 [INFO] Found LFX Member 'GlobalLogic Inc.'
2026-06-30 05:29:49,400 [DEBUG] Initializing backend: None http_cache
2026-06-30 05:29:49,400 [DEBUG] Initialized SQLiteDict with serializer: SerializerPipeline(name=pickle, n_stages=2)
2026-06-30 05:29:49,401 [DEBUG] Opening connection to /home/runner/work/landscape/landscape/http_cache.sqlite:responses
2026-06-30 05:29:49,401 [DEBUG] Initialized SQLiteDict with serializer: None
2026-06-30 05:29:49,401 [DEBUG] Opening connection to /home/runner/work/landscape/landscape/http_cache.sqlite:redirects
2026-06-30 05:29:49,402 [DEBUG] Cache directives from request headers: CacheDirectives()
2026-06-30 05:29:49,402 [DEBUG] Pre-read cache checks: Passed
2026-06-30 05:29:49,403 [DEBUG] Post-read cache actions: CacheActions(expire_after=-1)
2026-06-30 05:29:49,418 [DEBUG] Starting new HTTPS connection (1): lf-master-organization-logos-prod.s3.us-east-2.amazonaws.com:443
2026-06-30 05:29:49,692 [DEBUG] https://lf-master-organization-logos-prod.s3.us-east-2.amazonaws.com:443 "GET /globallogicinc..svg HTTP/1.1" 200 167098
2026-06-30 05:29:49,872 [DEBUG] URL loaded 'https://lf-master-organization-logos-prod.s3.us-east-2.amazonaws.com/globallogicinc..svg'
2026-06-30 05:29:49,873 [DEBUG] Looking for 'Grab Holdings'
2026-06-30 05:29:49,873 [INFO] Found LFX Member 'Grab Holdings Inc.'
2026-06-30 05:29:49,873 [DEBUG] Initializing backend: None http_cache
2026-06-30 05:29:49,874 [DEBUG] Initialized SQLiteDict with serializer: SerializerPipeline(name=pickle, n_stages=2)
2026-06-30 05:29:49,874 [DEBUG] Opening connection to /home/runner/work/landscape/landscape/http_cache.sqlite:responses
2026-06-30 05:29:49,874 [DEBUG] Initialized SQLiteDict with serializer: None
2026-06-30 05:29:49,875 [DEBUG] Opening connection to /home/runner/work/landscape/landscape/http_cache.sqlite:redirects
2026-06-30 05:29:49,876 [DEBUG] Cache directives from request headers: CacheDirectives()
2026-06-30 05:29:49,876 [DEBUG] Pre-read cache checks: Passed
2026-06-30 05:29:49,877 [DEBUG] Post-read cache actions: CacheActions(expire_after=-1)
2026-06-30 05:29:49,893 [DEBUG] Starting new HTTPS connection (1): lf-master-organization-logos-prod.s3.us-east-2.amazonaws.com:443
2026-06-30 05:29:50,183 [DEBUG] https://lf-master-organization-logos-prod.s3.us-east-2.amazonaws.com:443 "GET /grab.svg HTTP/1.1" 200 403940
2026-06-30 05:29:50,498 [DEBUG] URL loaded 'https://lf-master-organization-logos-prod.s3.us-east-2.amazonaws.com/grab.svg'
2026-06-30 05:29:50,501 [DEBUG] Looking for 'Humanitarian OpenstreetMap Team'
2026-06-30 05:29:50,501 [INFO] Found LFX Member 'Humanitarian OpenstreetMap Team'
2026-06-30 05:29:50,501 [DEBUG] Initializing backend: None http_cache
2026-06-30 05:29:50,501 [DEBUG] Initialized SQLiteDict with serializer: SerializerPipeline(name=pickle, n_stages=2)
2026-06-30 05:29:50,502 [DEBUG] Opening connection to /home/runner/work/landscape/landscape/http_cache.sqlite:responses
2026-06-30 05:29:50,502 [DEBUG] Initialized SQLiteDict with serializer: None
2026-06-30 05:29:50,502 [DEBUG] Opening connection to /home/runner/work/landscape/landscape/http_cache.sqlite:redirects
2026-06-30 05:29:50,503 [DEBUG] Cache directives from request headers: CacheDirectives()
2026-06-30 05:29:50,503 [DEBUG] Pre-read cache checks: Passed
2026-06-30 05:29:50,504 [DEBUG] Post-read cache actions: CacheActions(expire_after=-1)
2026-06-30 05:29:50,519 [DEBUG] Starting new HTTPS connection (1): lf-master-organization-logos-prod.s3.us-east-2.amazonaws.com:443
2026-06-30 05:29:50,753 [DEBUG] https://lf-master-organization-logos-prod.s3.us-east-2.amazonaws.com:443 "GET /humanitarian-openstreetmap-team.svg HTTP/1.1" 200 32580
2026-06-30 05:29:50,815 [DEBUG] URL loaded 'https://lf-master-organization-logos-prod.s3.us-east-2.amazonaws.com/humanitarian-openstreetmap-team.svg'
2026-06-30 05:29:50,816 [WARNING] Member.crunchbase for 'Humanitarian OpenstreetMap Team' must be set to a valid Crunchbase URL - 'None' provided
2026-06-30 05:29:50,816 [DEBUG] Looking for 'Hyundai Motor Group'
2026-06-30 05:29:50,816 [INFO] Found LFX Member 'Hyundai Motor Group'
2026-06-30 05:29:50,816 [DEBUG] Initializing backend: None http_cache
2026-06-30 05:29:50,817 [DEBUG] Initialized SQLiteDict with serializer: SerializerPipeline(name=pickle, n_stages=2)
2026-06-30 05:29:50,817 [DEBUG] Opening connection to /home/runner/work/landscape/landscape/http_cache.sqlite:responses
2026-06-30 05:29:50,817 [DEBUG] Initialized SQLiteDict with serializer: None
2026-06-30 05:29:50,818 [DEBUG] Opening connection to /home/runner/work/landscape/landscape/http_cache.sqlite:redirects
2026-06-30 05:29:50,819 [DEBUG] Cache directives from request headers: CacheDirectives()
2026-06-30 05:29:50,819 [DEBUG] Pre-read cache checks: Passed
2026-06-30 05:29:50,820 [DEBUG] Post-read cache actions: CacheActions(expire_after=-1)
2026-06-30 05:29:50,835 [DEBUG] Starting new HTTPS connection (1): lf-master-organization-logos-prod.s3.us-east-2.amazonaws.com:443
2026-06-30 05:29:51,065 [DEBUG] https://lf-master-organization-logos-prod.s3.us-east-2.amazonaws.com:443 "GET /hyundai-motor-group.svg HTTP/1.1" 200 7014
2026-06-30 05:29:51,066 [DEBUG] URL loaded 'https://lf-master-organization-logos-prod.s3.us-east-2.amazonaws.com/hyundai-motor-group.svg'
2026-06-30 05:29:51,067 [DEBUG] Looking for 'Inframappa'
2026-06-30 05:29:51,067 [INFO] Found LFX Member 'Inframappa'
2026-06-30 05:29:51,067 [DEBUG] Initializing backend: None http_cache
2026-06-30 05:29:51,068 [DEBUG] Initialized SQLiteDict with serializer: SerializerPipeline(name=pickle, n_stages=2)
2026-06-30 05:29:51,068 [DEBUG] Opening connection to /home/runner/work/landscape/landscape/http_cache.sqlite:responses
2026-06-30 05:29:51,069 [DEBUG] Initialized SQLiteDict with serializer: None
2026-06-30 05:29:51,069 [DEBUG] Opening connection to /home/runner/work/landscape/landscape/http_cache.sqlite:redirects
2026-06-30 05:29:51,070 [DEBUG] Cache directives from request headers: CacheDirectives()
2026-06-30 05:29:51,070 [DEBUG] Pre-read cache checks: Passed
2026-06-30 05:29:51,071 [DEBUG] Post-read cache actions: CacheActions(expire_after=-1)
2026-06-30 05:29:51,086 [DEBUG] Starting new HTTPS connection (1): lf-master-organization-logos-prod.s3.us-east-2.amazonaws.com:443
2026-06-30 05:29:51,371 [DEBUG] https://lf-master-organization-logos-prod.s3.us-east-2.amazonaws.com:443 "GET /Inframappa.svg HTTP/1.1" 200 134786
2026-06-30 05:29:51,491 [DEBUG] URL loaded 'https://lf-master-organization-logos-prod.s3.us-east-2.amazonaws.com/Inframappa.svg'
2026-06-30 05:29:51,493 [WARNING] Member.crunchbase for 'Inframappa' must be set to a valid Crunchbase URL - 'None' provided
2026-06-30 05:29:51,493 [DEBUG] Looking for 'Intellias Global'
2026-06-30 05:29:51,493 [INFO] Found LFX Member 'Intellias Global Limited'
2026-06-30 05:29:51,493 [DEBUG] Initializing backend: None http_cache
2026-06-30 05:29:51,494 [DEBUG] Initialized SQLiteDict with serializer: SerializerPipeline(name=pickle, n_stages=2)
2026-06-30 05:29:51,494 [DEBUG] Opening connection to /home/runner/work/landscape/landscape/http_cache.sqlite:responses
2026-06-30 05:29:51,494 [DEBUG] Initialized SQLiteDict with serializer: None
2026-06-30 05:29:51,494 [DEBUG] Opening connection to /home/runner/work/landscape/landscape/http_cache.sqlite:redirects
2026-06-30 05:29:51,496 [DEBUG] Cache directives from request headers: CacheDirectives()
2026-06-30 05:29:51,496 [DEBUG] Pre-read cache checks: Passed
2026-06-30 05:29:51,496 [DEBUG] Post-read cache actions: CacheActions(expire_after=-1)
2026-06-30 05:29:51,512 [DEBUG] Starting new HTTPS connection (1): lf-master-organization-logos-prod.s3.us-east-2.amazonaws.com:443
2026-06-30 05:29:51,741 [DEBUG] https://lf-master-organization-logos-prod.s3.us-east-2.amazonaws.com:443 "GET /intellias.svg HTTP/1.1" 200 3042
2026-06-30 05:29:51,741 [DEBUG] URL loaded 'https://lf-master-organization-logos-prod.s3.us-east-2.amazonaws.com/intellias.svg'
2026-06-30 05:29:51,742 [WARNING] Member.crunchbase for 'Intellias Global Limited' must be set to a valid Crunchbase URL - 'None' provided
2026-06-30 05:29:51,743 [DEBUG] Looking for 'krickcom + KG'
2026-06-30 05:29:51,743 [INFO] Found LFX Member 'krick.com GmbH + Co. KG'
2026-06-30 05:29:51,743 [DEBUG] Initializing backend: None http_cache
2026-06-30 05:29:51,743 [DEBUG] Initialized SQLiteDict with serializer: SerializerPipeline(name=pickle, n_stages=2)
2026-06-30 05:29:51,743 [DEBUG] Opening connection to /home/runner/work/landscape/landscape/http_cache.sqlite:responses
2026-06-30 05:29:51,744 [DEBUG] Initialized SQLiteDict with serializer: None
2026-06-30 05:29:51,744 [DEBUG] Opening connection to /home/runner/work/landscape/landscape/http_cache.sqlite:redirects
2026-06-30 05:29:51,745 [DEBUG] Cache directives from request headers: CacheDirectives()
2026-06-30 05:29:51,745 [DEBUG] Pre-read cache checks: Passed
2026-06-30 05:29:51,746 [DEBUG] Post-read cache actions: CacheActions(expire_after=-1)
2026-06-30 05:29:51,763 [DEBUG] Starting new HTTPS connection (1): lf-master-organization-logos-prod.s3.us-east-2.amazonaws.com:443
2026-06-30 05:29:51,985 [DEBUG] https://lf-master-organization-logos-prod.s3.us-east-2.amazonaws.com:443 "GET /krick.com-gmbh-%2B-co.-kg.svg HTTP/1.1" 200 2874
2026-06-30 05:29:51,985 [DEBUG] URL loaded 'https://lf-master-organization-logos-prod.s3.us-east-2.amazonaws.com/krick.com-gmbh-%2B-co.-kg.svg'
2026-06-30 05:29:51,986 [WARNING] Member.crunchbase for 'krick.com GmbH + Co. KG' must be set to a valid Crunchbase URL - 'None' provided
2026-06-30 05:29:51,986 [DEBUG] Looking for 'Meta Platforms'
2026-06-30 05:29:51,986 [INFO] Found LFX Member 'Meta Platforms, Inc.'
2026-06-30 05:29:51,986 [DEBUG] Initializing backend: None http_cache
2026-06-30 05:29:51,987 [DEBUG] Initialized SQLiteDict with serializer: SerializerPipeline(name=pickle, n_stages=2)
2026-06-30 05:29:51,987 [DEBUG] Opening connection to /home/runner/work/landscape/landscape/http_cache.sqlite:responses
2026-06-30 05:29:51,987 [DEBUG] Initialized SQLiteDict with serializer: None
2026-06-30 05:29:51,988 [DEBUG] Opening connection to /home/runner/work/landscape/landscape/http_cache.sqlite:redirects
2026-06-30 05:29:51,989 [DEBUG] Cache directives from request headers: CacheDirectives()
2026-06-30 05:29:51,989 [DEBUG] Pre-read cache checks: Passed
2026-06-30 05:29:51,989 [DEBUG] Post-read cache actions: CacheActions(expire_after=-1)
2026-06-30 05:29:52,006 [DEBUG] Starting new HTTPS connection (1): lf-platform-documents-prod.s3.amazonaws.com:443
2026-06-30 05:29:52,278 [DEBUG] https://lf-platform-documents-prod.s3.amazonaws.com:443 "GET /meta_platforms_inc_1714768245542_0014100000TdzwSAAR.svg HTTP/1.1" 200 3383
2026-06-30 05:29:52,278 [DEBUG] URL loaded 'https://lf-platform-documents-prod.s3.amazonaws.com/meta_platforms_inc_1714768245542_0014100000TdzwSAAR.svg'
2026-06-30 05:29:52,280 [DEBUG] Looking for 'Microsoft Corporation'
2026-06-30 05:29:52,280 [INFO] Found LFX Member 'Microsoft Corporation'
2026-06-30 05:29:52,280 [DEBUG] Initializing backend: None http_cache
2026-06-30 05:29:52,280 [DEBUG] Initialized SQLiteDict with serializer: SerializerPipeline(name=pickle, n_stages=2)
2026-06-30 05:29:52,281 [DEBUG] Opening connection to /home/runner/work/landscape/landscape/http_cache.sqlite:responses
2026-06-30 05:29:52,281 [DEBUG] Initialized SQLiteDict with serializer: None
2026-06-30 05:29:52,281 [DEBUG] Opening connection to /home/runner/work/landscape/landscape/http_cache.sqlite:redirects
2026-06-30 05:29:52,282 [DEBUG] Cache directives from request headers: CacheDirectives()
2026-06-30 05:29:52,282 [DEBUG] Pre-read cache checks: Passed
2026-06-30 05:29:52,283 [DEBUG] Post-read cache actions: CacheActions(expire_after=-1)
2026-06-30 05:29:52,299 [DEBUG] Starting new HTTPS connection (1): lf-master-organization-logos-prod.s3.us-east-2.amazonaws.com:443
2026-06-30 05:29:52,524 [DEBUG] https://lf-master-organization-logos-prod.s3.us-east-2.amazonaws.com:443 "GET /microsoft-corporation.svg HTTP/1.1" 200 6477
2026-06-30 05:29:52,525 [DEBUG] URL loaded 'https://lf-master-organization-logos-prod.s3.us-east-2.amazonaws.com/microsoft-corporation.svg'
2026-06-30 05:29:52,526 [DEBUG] Looking for 'MobilityData'
2026-06-30 05:29:52,526 [INFO] Found LFX Member 'MobilityData'
2026-06-30 05:29:52,526 [DEBUG] Initializing backend: None http_cache
2026-06-30 05:29:52,527 [DEBUG] Initialized SQLiteDict with serializer: SerializerPipeline(name=pickle, n_stages=2)
2026-06-30 05:29:52,527 [DEBUG] Opening connection to /home/runner/work/landscape/landscape/http_cache.sqlite:responses
2026-06-30 05:29:52,527 [DEBUG] Initialized SQLiteDict with serializer: None
2026-06-30 05:29:52,527 [DEBUG] Opening connection to /home/runner/work/landscape/landscape/http_cache.sqlite:redirects
2026-06-30 05:29:52,529 [DEBUG] Cache directives from request headers: CacheDirectives()
2026-06-30 05:29:52,529 [DEBUG] Pre-read cache checks: Passed
2026-06-30 05:29:52,529 [DEBUG] Post-read cache actions: CacheActions(expire_after=-1)
2026-06-30 05:29:52,545 [DEBUG] Starting new HTTPS connection (1): lf-master-organization-logos-prod.s3.us-east-2.amazonaws.com:443
2026-06-30 05:29:52,785 [DEBUG] https://lf-master-organization-logos-prod.s3.us-east-2.amazonaws.com:443 "GET /mobilitydata.svg HTTP/1.1" 200 10892
2026-06-30 05:29:52,785 [DEBUG] URL loaded 'https://lf-master-organization-logos-prod.s3.us-east-2.amazonaws.com/mobilitydata.svg'
2026-06-30 05:29:52,786 [WARNING] Member.crunchbase for 'MobilityData' must be set to a valid Crunchbase URL - 'None' provided
2026-06-30 05:29:52,786 [DEBUG] Looking for 'Nearmap Australia'
2026-06-30 05:29:52,786 [INFO] Found LFX Member 'Nearmap Australia Pty Ltd'
2026-06-30 05:29:52,786 [DEBUG] Initializing backend: None http_cache
2026-06-30 05:29:52,787 [DEBUG] Initialized SQLiteDict with serializer: SerializerPipeline(name=pickle, n_stages=2)
2026-06-30 05:29:52,787 [DEBUG] Opening connection to /home/runner/work/landscape/landscape/http_cache.sqlite:responses
2026-06-30 05:29:52,788 [DEBUG] Initialized SQLiteDict with serializer: None
2026-06-30 05:29:52,788 [DEBUG] Opening connection to /home/runner/work/landscape/landscape/http_cache.sqlite:redirects
2026-06-30 05:29:52,789 [DEBUG] Cache directives from request headers: CacheDirectives()
2026-06-30 05:29:52,789 [DEBUG] Pre-read cache checks: Passed
2026-06-30 05:29:52,790 [DEBUG] Post-read cache actions: CacheActions(expire_after=-1)
2026-06-30 05:29:52,805 [DEBUG] Starting new HTTPS connection (1): lf-master-organization-logos-prod.s3.us-east-2.amazonaws.com:443
2026-06-30 05:29:53,032 [DEBUG] https://lf-master-organization-logos-prod.s3.us-east-2.amazonaws.com:443 "GET /nearmap-ltd.svg HTTP/1.1" 200 10639
2026-06-30 05:29:53,033 [DEBUG] URL loaded 'https://lf-master-organization-logos-prod.s3.us-east-2.amazonaws.com/nearmap-ltd.svg'
2026-06-30 05:29:53,034 [DEBUG] Looking for 'Neusoft Corporation'
2026-06-30 05:29:53,034 [INFO] Found LFX Member 'Neusoft Corporation'
2026-06-30 05:29:53,034 [DEBUG] Initializing backend: None http_cache
2026-06-30 05:29:53,035 [DEBUG] Initialized SQLiteDict with serializer: SerializerPipeline(name=pickle, n_stages=2)
2026-06-30 05:29:53,035 [DEBUG] Opening connection to /home/runner/work/landscape/landscape/http_cache.sqlite:responses
2026-06-30 05:29:53,035 [DEBUG] Initialized SQLiteDict with serializer: None
2026-06-30 05:29:53,035 [DEBUG] Opening connection to /home/runner/work/landscape/landscape/http_cache.sqlite:redirects
2026-06-30 05:29:53,036 [DEBUG] Cache directives from request headers: CacheDirectives()
2026-06-30 05:29:53,037 [DEBUG] Pre-read cache checks: Passed
2026-06-30 05:29:53,037 [DEBUG] Post-read cache actions: CacheActions(expire_after=-1)
2026-06-30 05:29:53,053 [DEBUG] Starting new HTTPS connection (1): lf-platform-documents-prod.s3.amazonaws.com:443
2026-06-30 05:29:53,332 [DEBUG] https://lf-platform-documents-prod.s3.amazonaws.com:443 "GET /neusoft_corporation_1776339527501_0014100000Te2DLAAZ.svg HTTP/1.1" 200 5547
2026-06-30 05:29:53,332 [DEBUG] URL loaded 'https://lf-platform-documents-prod.s3.amazonaws.com/neusoft_corporation_1776339527501_0014100000Te2DLAAZ.svg'
2026-06-30 05:29:53,333 [DEBUG] Looking for 'Niantic'
2026-06-30 05:29:53,333 [INFO] Found LFX Member 'Niantic'
2026-06-30 05:29:53,333 [DEBUG] Initializing backend: None http_cache
2026-06-30 05:29:53,334 [DEBUG] Initialized SQLiteDict with serializer: SerializerPipeline(name=pickle, n_stages=2)
2026-06-30 05:29:53,334 [DEBUG] Opening connection to /home/runner/work/landscape/landscape/http_cache.sqlite:responses
2026-06-30 05:29:53,335 [DEBUG] Initialized SQLiteDict with serializer: None
2026-06-30 05:29:53,335 [DEBUG] Opening connection to /home/runner/work/landscape/landscape/http_cache.sqlite:redirects
2026-06-30 05:29:53,336 [DEBUG] Cache directives from request headers: CacheDirectives()
2026-06-30 05:29:53,336 [DEBUG] Pre-read cache checks: Passed
2026-06-30 05:29:53,337 [DEBUG] Post-read cache actions: CacheActions(expire_after=-1)
2026-06-30 05:29:53,352 [DEBUG] Starting new HTTPS connection (1): lf-master-organization-logos-prod.s3.us-east-2.amazonaws.com:443
2026-06-30 05:29:53,607 [DEBUG] https://lf-master-organization-logos-prod.s3.us-east-2.amazonaws.com:443 "GET /niantic.svg HTTP/1.1" 200 12088
2026-06-30 05:29:53,607 [DEBUG] URL loaded 'https://lf-master-organization-logos-prod.s3.us-east-2.amazonaws.com/niantic.svg'
2026-06-30 05:29:53,608 [DEBUG] Looking for 'Nology'
2026-06-30 05:29:53,608 [INFO] Found LFX Member 'Nology'
2026-06-30 05:29:53,608 [DEBUG] Initializing backend: None http_cache
2026-06-30 05:29:53,609 [DEBUG] Initialized SQLiteDict with serializer: SerializerPipeline(name=pickle, n_stages=2)
2026-06-30 05:29:53,609 [DEBUG] Opening connection to /home/runner/work/landscape/landscape/http_cache.sqlite:responses
2026-06-30 05:29:53,610 [DEBUG] Initialized SQLiteDict with serializer: None
2026-06-30 05:29:53,610 [DEBUG] Opening connection to /home/runner/work/landscape/landscape/http_cache.sqlite:redirects
2026-06-30 05:29:53,611 [DEBUG] Cache directives from request headers: CacheDirectives()
2026-06-30 05:29:53,611 [DEBUG] Pre-read cache checks: Passed
2026-06-30 05:29:53,612 [DEBUG] Post-read cache actions: CacheActions(expire_after=-1)
2026-06-30 05:29:53,627 [DEBUG] Starting new HTTPS connection (1): lf-master-organization-logos-prod.s3.us-east-2.amazonaws.com:443
2026-06-30 05:29:53,904 [DEBUG] https://lf-master-organization-logos-prod.s3.us-east-2.amazonaws.com:443 "GET /nology.svg HTTP/1.1" 200 4131
2026-06-30 05:29:53,904 [DEBUG] URL loaded 'https://lf-master-organization-logos-prod.s3.us-east-2.amazonaws.com/nology.svg'
2026-06-30 05:29:53,905 [WARNING] Member.crunchbase for 'Nology' must be set to a valid Crunchbase URL - 'None' provided
2026-06-30 05:29:53,906 [DEBUG] Looking for 'OpenTravel Alliance'
2026-06-30 05:29:53,906 [INFO] Found LFX Member 'OpenTravel Alliance'
2026-06-30 05:29:53,906 [DEBUG] Initializing backend: None http_cache
2026-06-30 05:29:53,906 [DEBUG] Initialized SQLiteDict with serializer: SerializerPipeline(name=pickle, n_stages=2)
2026-06-30 05:29:53,906 [DEBUG] Opening connection to /home/runner/work/landscape/landscape/http_cache.sqlite:responses
2026-06-30 05:29:53,907 [DEBUG] Initialized SQLiteDict with serializer: None
2026-06-30 05:29:53,907 [DEBUG] Opening connection to /home/runner/work/landscape/landscape/http_cache.sqlite:redirects
2026-06-30 05:29:53,909 [DEBUG] Cache directives from request headers: CacheDirectives()
2026-06-30 05:29:53,909 [DEBUG] Pre-read cache checks: Passed
2026-06-30 05:29:53,909 [DEBUG] Post-read cache actions: CacheActions(expire_after=-1)
2026-06-30 05:29:53,925 [DEBUG] Starting new HTTPS connection (1): lf-master-organization-logos-prod.s3.us-east-2.amazonaws.com:443
2026-06-30 05:29:54,228 [DEBUG] https://lf-master-organization-logos-prod.s3.us-east-2.amazonaws.com:443 "GET /opentravelalliance.svg HTTP/1.1" 200 410452
2026-06-30 05:29:54,526 [DEBUG] URL loaded 'https://lf-master-organization-logos-prod.s3.us-east-2.amazonaws.com/opentravelalliance.svg'
2026-06-30 05:29:54,529 [DEBUG] Looking for 'Precisely Holdings'
2026-06-30 05:29:54,529 [INFO] Found LFX Member 'Precisely Holdings, LLC'
2026-06-30 05:29:54,529 [DEBUG] Initializing backend: None http_cache
2026-06-30 05:29:54,529 [DEBUG] Initialized SQLiteDict with serializer: SerializerPipeline(name=pickle, n_stages=2)
2026-06-30 05:29:54,530 [DEBUG] Opening connection to /home/runner/work/landscape/landscape/http_cache.sqlite:responses
2026-06-30 05:29:54,530 [DEBUG] Initialized SQLiteDict with serializer: None
2026-06-30 05:29:54,530 [DEBUG] Opening connection to /home/runner/work/landscape/landscape/http_cache.sqlite:redirects
2026-06-30 05:29:54,531 [DEBUG] Cache directives from request headers: CacheDirectives()
2026-06-30 05:29:54,531 [DEBUG] Pre-read cache checks: Passed
2026-06-30 05:29:54,532 [DEBUG] Post-read cache actions: CacheActions(expire_after=-1)
2026-06-30 05:29:54,549 [DEBUG] Starting new HTTPS connection (1): lf-master-organization-logos-prod.s3.us-east-2.amazonaws.com:443
2026-06-30 05:29:54,776 [DEBUG] https://lf-master-organization-logos-prod.s3.us-east-2.amazonaws.com:443 "GET /preciselyholdingsllc.svg HTTP/1.1" 200 2460
2026-06-30 05:29:54,776 [DEBUG] URL loaded 'https://lf-master-organization-logos-prod.s3.us-east-2.amazonaws.com/preciselyholdingsllc.svg'
2026-06-30 05:29:54,777 [DEBUG] Looking for 'Regrid'
2026-06-30 05:29:54,777 [INFO] Found LFX Member 'Regrid'
2026-06-30 05:29:54,777 [DEBUG] Initializing backend: None http_cache
2026-06-30 05:29:54,778 [DEBUG] Initialized SQLiteDict with serializer: SerializerPipeline(name=pickle, n_stages=2)
2026-06-30 05:29:54,778 [DEBUG] Opening connection to /home/runner/work/landscape/landscape/http_cache.sqlite:responses
2026-06-30 05:29:54,779 [DEBUG] Initialized SQLiteDict with serializer: None
2026-06-30 05:29:54,779 [DEBUG] Opening connection to /home/runner/work/landscape/landscape/http_cache.sqlite:redirects
2026-06-30 05:29:54,780 [DEBUG] Cache directives from request headers: CacheDirectives()
2026-06-30 05:29:54,780 [DEBUG] Pre-read cache checks: Passed
2026-06-30 05:29:54,780 [DEBUG] Post-read cache actions: CacheActions(expire_after=-1)
2026-06-30 05:29:54,796 [DEBUG] Starting new HTTPS connection (1): lf-master-organization-logos-prod.s3.us-east-2.amazonaws.com:443
2026-06-30 05:29:55,019 [DEBUG] https://lf-master-organization-logos-prod.s3.us-east-2.amazonaws.com:443 "GET /regrid.svg HTTP/1.1" 200 2354
2026-06-30 05:29:55,019 [DEBUG] URL loaded 'https://lf-master-organization-logos-prod.s3.us-east-2.amazonaws.com/regrid.svg'
2026-06-30 05:29:55,020 [WARNING] Member.crunchbase for 'Regrid' must be set to a valid Crunchbase URL - 'None' provided
2026-06-30 05:29:55,021 [DEBUG] Looking for 'RESOURCE ADVANCEMENT FOR INQUISITIVE KIDS INTERNATIONAL RAFIKI'
2026-06-30 05:29:55,021 [INFO] Found LFX Member 'RESOURCE ADVANCEMENT FOR INQUISITIVE KIDS INTERNATIONAL RAFIKI'
2026-06-30 05:29:55,021 [DEBUG] Initializing backend: None http_cache
2026-06-30 05:29:55,021 [DEBUG] Initialized SQLiteDict with serializer: SerializerPipeline(name=pickle, n_stages=2)
2026-06-30 05:29:55,022 [DEBUG] Opening connection to /home/runner/work/landscape/landscape/http_cache.sqlite:responses
2026-06-30 05:29:55,022 [DEBUG] Initialized SQLiteDict with serializer: None
2026-06-30 05:29:55,022 [DEBUG] Opening connection to /home/runner/work/landscape/landscape/http_cache.sqlite:redirects
2026-06-30 05:29:55,023 [DEBUG] Cache directives from request headers: CacheDirectives()
2026-06-30 05:29:55,023 [DEBUG] Pre-read cache checks: Passed
2026-06-30 05:29:55,024 [DEBUG] Post-read cache actions: CacheActions(expire_after=-1)
2026-06-30 05:29:55,039 [DEBUG] Starting new HTTPS connection (1): lf-master-organization-logos-prod.s3.us-east-2.amazonaws.com:443
2026-06-30 05:29:55,315 [DEBUG] https://lf-master-organization-logos-prod.s3.us-east-2.amazonaws.com:443 "GET /resource-advancement-for-inquisitive-kids-international-rafiki.svg HTTP/1.1" 200 731
2026-06-30 05:29:55,315 [DEBUG] URL loaded 'https://lf-master-organization-logos-prod.s3.us-east-2.amazonaws.com/resource-advancement-for-inquisitive-kids-international-rafiki.svg'
2026-06-30 05:29:55,316 [WARNING] Member.logo for 'RESOURCE ADVANCEMENT FOR INQUISITIVE KIDS INTERNATIONAL RAFIKI' invalid format
2026-06-30 05:29:55,316 [INFO] Creating text logo for 'RESOURCE ADVANCEMENT FOR INQUISITIVE KIDS INTERNATIONAL RAFIKI'
2026-06-30 05:29:55,317 [DEBUG] Generated logo from name RESOURCE ADVANCEMENT FOR INQUISITIVE KIDS INTERNATIONAL RAFIKI
2026-06-30 05:29:55,317 [WARNING] Member.crunchbase for 'RESOURCE ADVANCEMENT FOR INQUISITIVE KIDS INTERNATIONAL RAFIKI' must be set to a valid Crunchbase URL - 'None' provided
2026-06-30 05:29:55,317 [DEBUG] Looking for 'SafeGraph'
2026-06-30 05:29:55,317 [INFO] Found LFX Member 'SafeGraph'
2026-06-30 05:29:55,317 [DEBUG] Initializing backend: None http_cache
2026-06-30 05:29:55,318 [DEBUG] Initialized SQLiteDict with serializer: SerializerPipeline(name=pickle, n_stages=2)
2026-06-30 05:29:55,318 [DEBUG] Opening connection to /home/runner/work/landscape/landscape/http_cache.sqlite:responses
2026-06-30 05:29:55,318 [DEBUG] Initialized SQLiteDict with serializer: None
2026-06-30 05:29:55,319 [DEBUG] Opening connection to /home/runner/work/landscape/landscape/http_cache.sqlite:redirects
2026-06-30 05:29:55,320 [DEBUG] Cache directives from request headers: CacheDirectives()
2026-06-30 05:29:55,320 [DEBUG] Pre-read cache checks: Passed
2026-06-30 05:29:55,321 [DEBUG] Post-read cache actions: CacheActions(expire_after=-1)
2026-06-30 05:29:55,337 [DEBUG] Starting new HTTPS connection (1): lf-master-organization-logos-prod.s3.us-east-2.amazonaws.com:443
2026-06-30 05:29:55,587 [DEBUG] https://lf-master-organization-logos-prod.s3.us-east-2.amazonaws.com:443 "GET /safegraph.svg HTTP/1.1" 200 44506
2026-06-30 05:29:55,647 [DEBUG] URL loaded 'https://lf-master-organization-logos-prod.s3.us-east-2.amazonaws.com/safegraph.svg'
2026-06-30 05:29:55,648 [DEBUG] Looking for 'Smarty'
2026-06-30 05:29:55,648 [INFO] Found LFX Member 'Smarty'
2026-06-30 05:29:55,648 [DEBUG] Initializing backend: None http_cache
2026-06-30 05:29:55,649 [DEBUG] Initialized SQLiteDict with serializer: SerializerPipeline(name=pickle, n_stages=2)
2026-06-30 05:29:55,649 [DEBUG] Opening connection to /home/runner/work/landscape/landscape/http_cache.sqlite:responses
2026-06-30 05:29:55,650 [DEBUG] Initialized SQLiteDict with serializer: None
2026-06-30 05:29:55,650 [DEBUG] Opening connection to /home/runner/work/landscape/landscape/http_cache.sqlite:redirects
2026-06-30 05:29:55,651 [DEBUG] Cache directives from request headers: CacheDirectives()
2026-06-30 05:29:55,651 [DEBUG] Pre-read cache checks: Passed
2026-06-30 05:29:55,652 [DEBUG] Post-read cache actions: CacheActions(expire_after=-1)
2026-06-30 05:29:55,668 [DEBUG] Starting new HTTPS connection (1): lf-master-organization-logos-prod.s3.us-east-2.amazonaws.com:443
2026-06-30 05:29:55,890 [DEBUG] https://lf-master-organization-logos-prod.s3.us-east-2.amazonaws.com:443 "GET /smarty.svg HTTP/1.1" 200 2051
2026-06-30 05:29:55,890 [DEBUG] URL loaded 'https://lf-master-organization-logos-prod.s3.us-east-2.amazonaws.com/smarty.svg'
2026-06-30 05:29:55,891 [WARNING] Member.crunchbase for 'Smarty' must be set to a valid Crunchbase URL - 'None' provided
2026-06-30 05:29:55,891 [DEBUG] Looking for 'Sparkgeo'
2026-06-30 05:29:55,891 [INFO] Found LFX Member 'Sparkgeo'
2026-06-30 05:29:55,891 [DEBUG] Initializing backend: None http_cache
2026-06-30 05:29:55,892 [DEBUG] Initialized SQLiteDict with serializer: SerializerPipeline(name=pickle, n_stages=2)
2026-06-30 05:29:55,892 [DEBUG] Opening connection to /home/runner/work/landscape/landscape/http_cache.sqlite:responses
2026-06-30 05:29:55,893 [DEBUG] Initialized SQLiteDict with serializer: None
2026-06-30 05:29:55,893 [DEBUG] Opening connection to /home/runner/work/landscape/landscape/http_cache.sqlite:redirects
2026-06-30 05:29:55,894 [DEBUG] Cache directives from request headers: CacheDirectives()
2026-06-30 05:29:55,894 [DEBUG] Pre-read cache checks: Passed
2026-06-30 05:29:55,895 [DEBUG] Post-read cache actions: CacheActions(expire_after=-1)
2026-06-30 05:29:55,911 [DEBUG] Starting new HTTPS connection (1): lf-master-organization-logos-prod.s3.us-east-2.amazonaws.com:443
2026-06-30 05:29:56,136 [DEBUG] https://lf-master-organization-logos-prod.s3.us-east-2.amazonaws.com:443 "GET /sparkgeo.svg HTTP/1.1" 200 4616
2026-06-30 05:29:56,137 [DEBUG] URL loaded 'https://lf-master-organization-logos-prod.s3.us-east-2.amazonaws.com/sparkgeo.svg'
2026-06-30 05:29:56,138 [DEBUG] Looking for 'Staer'
2026-06-30 05:29:56,138 [INFO] Found LFX Member 'Staer'
2026-06-30 05:29:56,138 [DEBUG] Initializing backend: None http_cache
2026-06-30 05:29:56,139 [DEBUG] Initialized SQLiteDict with serializer: SerializerPipeline(name=pickle, n_stages=2)
2026-06-30 05:29:56,139 [DEBUG] Opening connection to /home/runner/work/landscape/landscape/http_cache.sqlite:responses
2026-06-30 05:29:56,139 [DEBUG] Initialized SQLiteDict with serializer: None
2026-06-30 05:29:56,140 [DEBUG] Opening connection to /home/runner/work/landscape/landscape/http_cache.sqlite:redirects
2026-06-30 05:29:56,141 [DEBUG] Cache directives from request headers: CacheDirectives()
2026-06-30 05:29:56,141 [DEBUG] Pre-read cache checks: Passed
2026-06-30 05:29:56,141 [DEBUG] Post-read cache actions: CacheActions(expire_after=-1)
2026-06-30 05:29:56,157 [DEBUG] Starting new HTTPS connection (1): lf-master-organization-logos-prod.s3.us-east-2.amazonaws.com:443
2026-06-30 05:29:56,392 [DEBUG] https://lf-master-organization-logos-prod.s3.us-east-2.amazonaws.com:443 "GET /staer.svg HTTP/1.1" 200 4655
2026-06-30 05:29:56,392 [DEBUG] URL loaded 'https://lf-master-organization-logos-prod.s3.us-east-2.amazonaws.com/staer.svg'
2026-06-30 05:29:56,393 [WARNING] Member.crunchbase for 'Staer' must be set to a valid Crunchbase URL - 'None' provided
2026-06-30 05:29:56,393 [DEBUG] Looking for 'TomTom international'
2026-06-30 05:29:56,394 [INFO] Found LFX Member 'TomTom international BV'
2026-06-30 05:29:56,394 [DEBUG] Initializing backend: None http_cache
2026-06-30 05:29:56,394 [DEBUG] Initialized SQLiteDict with serializer: SerializerPipeline(name=pickle, n_stages=2)
2026-06-30 05:29:56,394 [DEBUG] Opening connection to /home/runner/work/landscape/landscape/http_cache.sqlite:responses
2026-06-30 05:29:56,395 [DEBUG] Initialized SQLiteDict with serializer: None
2026-06-30 05:29:56,395 [DEBUG] Opening connection to /home/runner/work/landscape/landscape/http_cache.sqlite:redirects
2026-06-30 05:29:56,396 [DEBUG] Cache directives from request headers: CacheDirectives()
2026-06-30 05:29:56,396 [DEBUG] Pre-read cache checks: Passed
2026-06-30 05:29:56,397 [DEBUG] Post-read cache actions: CacheActions(expire_after=-1)
2026-06-30 05:29:56,412 [DEBUG] Starting new HTTPS connection (1): lf-platform-documents-prod.s3.amazonaws.com:443
2026-06-30 05:29:56,685 [DEBUG] https://lf-platform-documents-prod.s3.amazonaws.com:443 "GET /tomtom_international_b_v_1730754807123_0012M00002dRRfPQAW.svg HTTP/1.1" 200 2739
2026-06-30 05:29:56,685 [DEBUG] URL loaded 'https://lf-platform-documents-prod.s3.amazonaws.com/tomtom_international_b_v_1730754807123_0012M00002dRRfPQAW.svg'
2026-06-30 05:29:56,686 [DEBUG] Looking for 'Tripadvisor'
2026-06-30 05:29:56,686 [INFO] Found LFX Member 'Tripadvisor LLC'
2026-06-30 05:29:56,686 [DEBUG] Initializing backend: None http_cache
2026-06-30 05:29:56,687 [DEBUG] Initialized SQLiteDict with serializer: SerializerPipeline(name=pickle, n_stages=2)
2026-06-30 05:29:56,687 [DEBUG] Opening connection to /home/runner/work/landscape/landscape/http_cache.sqlite:responses
2026-06-30 05:29:56,688 [DEBUG] Initialized SQLiteDict with serializer: None
2026-06-30 05:29:56,688 [DEBUG] Opening connection to /home/runner/work/landscape/landscape/http_cache.sqlite:redirects
2026-06-30 05:29:56,689 [DEBUG] Cache directives from request headers: CacheDirectives()
2026-06-30 05:29:56,689 [DEBUG] Pre-read cache checks: Passed
2026-06-30 05:29:56,690 [DEBUG] Post-read cache actions: CacheActions(expire_after=-1)
2026-06-30 05:29:56,706 [DEBUG] Starting new HTTPS connection (1): lf-master-organization-logos-prod.s3.us-east-2.amazonaws.com:443
2026-06-30 05:29:56,938 [DEBUG] https://lf-master-organization-logos-prod.s3.us-east-2.amazonaws.com:443 "GET /tripadvisor-llc.svg HTTP/1.1" 200 3247
2026-06-30 05:29:56,939 [DEBUG] URL loaded 'https://lf-master-organization-logos-prod.s3.us-east-2.amazonaws.com/tripadvisor-llc.svg'
2026-06-30 05:29:56,939 [WARNING] Member.crunchbase for 'Tripadvisor LLC' must be set to a valid Crunchbase URL - 'None' provided
2026-06-30 05:29:56,940 [DEBUG] Looking for 'Uber Technologies'
2026-06-30 05:29:56,940 [INFO] Found LFX Member 'Uber Technologies Inc.'
2026-06-30 05:29:56,940 [DEBUG] Initializing backend: None http_cache
2026-06-30 05:29:56,941 [DEBUG] Initialized SQLiteDict with serializer: SerializerPipeline(name=pickle, n_stages=2)
2026-06-30 05:29:56,941 [DEBUG] Opening connection to /home/runner/work/landscape/landscape/http_cache.sqlite:responses
2026-06-30 05:29:56,941 [DEBUG] Initialized SQLiteDict with serializer: None
2026-06-30 05:29:56,941 [DEBUG] Opening connection to /home/runner/work/landscape/landscape/http_cache.sqlite:redirects
2026-06-30 05:29:56,943 [DEBUG] Cache directives from request headers: CacheDirectives()
2026-06-30 05:29:56,943 [DEBUG] Pre-read cache checks: Passed
2026-06-30 05:29:56,943 [DEBUG] Post-read cache actions: CacheActions(expire_after=-1)
2026-06-30 05:29:56,959 [DEBUG] Starting new HTTPS connection (1): lf-master-organization-logos-prod.s3.us-east-2.amazonaws.com:443
2026-06-30 05:29:57,180 [DEBUG] https://lf-master-organization-logos-prod.s3.us-east-2.amazonaws.com:443 "GET /uber-technologies-inc.svg HTTP/1.1" 200 2519
2026-06-30 05:29:57,181 [DEBUG] URL loaded 'https://lf-master-organization-logos-prod.s3.us-east-2.amazonaws.com/uber-technologies-inc.svg'
2026-06-30 05:29:57,182 [DEBUG] Looking for 'UC Santa Cruz'
2026-06-30 05:29:57,182 [INFO] Found LFX Member 'UC Santa Cruz'
2026-06-30 05:29:57,182 [DEBUG] Initializing backend: None http_cache
2026-06-30 05:29:57,183 [DEBUG] Initialized SQLiteDict with serializer: SerializerPipeline(name=pickle, n_stages=2)
2026-06-30 05:29:57,183 [DEBUG] Opening connection to /home/runner/work/landscape/landscape/http_cache.sqlite:responses
2026-06-30 05:29:57,183 [DEBUG] Initialized SQLiteDict with serializer: None
2026-06-30 05:29:57,183 [DEBUG] Opening connection to /home/runner/work/landscape/landscape/http_cache.sqlite:redirects
2026-06-30 05:29:57,185 [DEBUG] Cache directives from request headers: CacheDirectives()
2026-06-30 05:29:57,185 [DEBUG] Pre-read cache checks: Passed
2026-06-30 05:29:57,186 [DEBUG] Post-read cache actions: CacheActions(expire_after=-1)
2026-06-30 05:29:57,202 [DEBUG] Starting new HTTPS connection (1): lf-master-organization-logos-prod.s3.us-east-2.amazonaws.com:443
2026-06-30 05:29:57,503 [DEBUG] https://lf-master-organization-logos-prod.s3.us-east-2.amazonaws.com:443 "GET /ucsantacruz.svg HTTP/1.1" 200 562754
2026-06-30 05:29:57,861 [DEBUG] URL loaded 'https://lf-master-organization-logos-prod.s3.us-east-2.amazonaws.com/ucsantacruz.svg'
2026-06-30 05:29:57,863 [DEBUG] Looking for 'Vantor'
2026-06-30 05:29:57,864 [INFO] Found LFX Member 'Vantor'
2026-06-30 05:29:57,864 [DEBUG] Initializing backend: None http_cache
2026-06-30 05:29:57,864 [DEBUG] Initialized SQLiteDict with serializer: SerializerPipeline(name=pickle, n_stages=2)
2026-06-30 05:29:57,864 [DEBUG] Opening connection to /home/runner/work/landscape/landscape/http_cache.sqlite:responses
2026-06-30 05:29:57,865 [DEBUG] Initialized SQLiteDict with serializer: None
2026-06-30 05:29:57,865 [DEBUG] Opening connection to /home/runner/work/landscape/landscape/http_cache.sqlite:redirects
2026-06-30 05:29:57,866 [DEBUG] Cache directives from request headers: CacheDirectives()
2026-06-30 05:29:57,866 [DEBUG] Pre-read cache checks: Passed
2026-06-30 05:29:57,867 [DEBUG] Post-read cache actions: CacheActions(expire_after=-1)
2026-06-30 05:29:57,884 [DEBUG] Starting new HTTPS connection (1): lf-platform-documents-prod.s3.amazonaws.com:443
2026-06-30 05:29:58,256 [DEBUG] https://lf-platform-documents-prod.s3.amazonaws.com:443 "GET /vantor_1759861688698_001QP00000ff3AlYAI.svg HTTP/1.1" 200 2305
2026-06-30 05:29:58,256 [DEBUG] URL loaded 'https://lf-platform-documents-prod.s3.amazonaws.com/vantor_1759861688698_001QP00000ff3AlYAI.svg'
2026-06-30 05:29:58,257 [WARNING] Member.crunchbase for 'Vantor' must be set to a valid Crunchbase URL - 'None' provided
2026-06-30 05:29:58,257 [DEBUG] Looking for 'voygr'
2026-06-30 05:29:58,257 [INFO] Found LFX Member 'voygr'
2026-06-30 05:29:58,258 [DEBUG] Initializing backend: None http_cache
2026-06-30 05:29:58,258 [DEBUG] Initialized SQLiteDict with serializer: SerializerPipeline(name=pickle, n_stages=2)
2026-06-30 05:29:58,258 [DEBUG] Opening connection to /home/runner/work/landscape/landscape/http_cache.sqlite:responses
2026-06-30 05:29:58,259 [DEBUG] Initialized SQLiteDict with serializer: None
2026-06-30 05:29:58,259 [DEBUG] Opening connection to /home/runner/work/landscape/landscape/http_cache.sqlite:redirects
2026-06-30 05:29:58,260 [DEBUG] Cache directives from request headers: CacheDirectives()
2026-06-30 05:29:58,260 [DEBUG] Pre-read cache checks: Passed
2026-06-30 05:29:58,261 [DEBUG] Post-read cache actions: CacheActions(expire_after=-1)
2026-06-30 05:29:58,276 [DEBUG] Starting new HTTPS connection (1): lf-master-organization-logos-prod.s3.us-east-2.amazonaws.com:443
2026-06-30 05:29:58,505 [DEBUG] https://lf-master-organization-logos-prod.s3.us-east-2.amazonaws.com:443 "GET /voygr.svg HTTP/1.1" 200 3551
2026-06-30 05:29:58,505 [DEBUG] URL loaded 'https://lf-master-organization-logos-prod.s3.us-east-2.amazonaws.com/voygr.svg'
2026-06-30 05:29:58,506 [WARNING] Member.crunchbase for 'voygr' must be set to a valid Crunchbase URL - 'None' provided
2026-06-30 05:29:58,507 [DEBUG] Looking for 'Wherobots, Inc'
2026-06-30 05:29:58,507 [INFO] Found LFX Member 'Wherobots, Inc'
2026-06-30 05:29:58,507 [DEBUG] Initializing backend: None http_cache
2026-06-30 05:29:58,507 [DEBUG] Initialized SQLiteDict with serializer: SerializerPipeline(name=pickle, n_stages=2)
2026-06-30 05:29:58,508 [DEBUG] Opening connection to /home/runner/work/landscape/landscape/http_cache.sqlite:responses
2026-06-30 05:29:58,508 [DEBUG] Initialized SQLiteDict with serializer: None
2026-06-30 05:29:58,508 [DEBUG] Opening connection to /home/runner/work/landscape/landscape/http_cache.sqlite:redirects
2026-06-30 05:29:58,509 [DEBUG] Cache directives from request headers: CacheDirectives()
2026-06-30 05:29:58,510 [DEBUG] Pre-read cache checks: Passed
2026-06-30 05:29:58,510 [DEBUG] Post-read cache actions: CacheActions(expire_after=-1)
2026-06-30 05:29:58,527 [DEBUG] Starting new HTTPS connection (1): lf-platform-documents-prod.s3.amazonaws.com:443
2026-06-30 05:29:58,796 [DEBUG] https://lf-platform-documents-prod.s3.amazonaws.com:443 "GET /wherobots_inc_1235_1733521468141_001QP00000ECtQTYA1.svg HTTP/1.1" 200 8033
2026-06-30 05:29:58,797 [DEBUG] URL loaded 'https://lf-platform-documents-prod.s3.amazonaws.com/wherobots_inc_1235_1733521468141_001QP00000ECtQTYA1.svg'
2026-06-30 05:29:58,798 [WARNING] Member.crunchbase for 'Wherobots, Inc' must be set to a valid Crunchbase URL - 'None' provided
2026-06-30 05:29:58,798 [DEBUG] Looking for 'Zephrxyz'
2026-06-30 05:29:58,798 [INFO] Found LFX Member 'Zephr.xyz'
2026-06-30 05:29:58,798 [DEBUG] Initializing backend: None http_cache
2026-06-30 05:29:58,799 [DEBUG] Initialized SQLiteDict with serializer: SerializerPipeline(name=pickle, n_stages=2)
2026-06-30 05:29:58,799 [DEBUG] Opening connection to /home/runner/work/landscape/landscape/http_cache.sqlite:responses
2026-06-30 05:29:58,799 [DEBUG] Initialized SQLiteDict with serializer: None
2026-06-30 05:29:58,800 [DEBUG] Opening connection to /home/runner/work/landscape/landscape/http_cache.sqlite:redirects
2026-06-30 05:29:58,801 [DEBUG] Cache directives from request headers: CacheDirectives()
2026-06-30 05:29:58,801 [DEBUG] Pre-read cache checks: Passed
2026-06-30 05:29:58,801 [DEBUG] Post-read cache actions: CacheActions(expire_after=-1)
2026-06-30 05:29:58,817 [DEBUG] Starting new HTTPS connection (1): lf-master-organization-logos-prod.s3.us-east-2.amazonaws.com:443
2026-06-30 05:29:59,073 [DEBUG] https://lf-master-organization-logos-prod.s3.us-east-2.amazonaws.com:443 "GET /zephr.xyz.svg HTTP/1.1" 200 11786
2026-06-30 05:29:59,074 [DEBUG] URL loaded 'https://lf-master-organization-logos-prod.s3.us-east-2.amazonaws.com/zephr.xyz.svg'
2026-06-30 05:29:59,074 [WARNING] Member.crunchbase for 'Zephr.xyz' must be set to a valid Crunchbase URL - 'None' provided
2026-06-30 05:29:59,075 [INFO] Processing 'Overture Maps Members' items
2026-06-30 05:29:59,076 [INFO] Processing 'Addresscloud'...
2026-06-30 05:29:59,076 [INFO] Added 'Addresscloud' to Landscape in SubCategory 'Contributor Membership'
2026-06-30 05:29:59,076 [DEBUG] Saving hosted_logos 'hosted_logos/addresscloud.svg'
2026-06-30 05:29:59,076 [DEBUG] Processing into landscape item attributes
2026-06-30 05:29:59,076 [INFO] Processing 'AddressForAll Institute'...
2026-06-30 05:29:59,076 [INFO] Added 'AddressForAll Institute' to Landscape in SubCategory 'Contributor'
2026-06-30 05:29:59,076 [DEBUG] Saving hosted_logos 'hosted_logos/addressforall_institute.svg'
2026-06-30 05:29:59,077 [DEBUG] Processing into landscape item attributes
2026-06-30 05:29:59,077 [INFO] Processing 'Amazon Web Services, Inc.'...
2026-06-30 05:29:59,077 [INFO] Added 'Amazon Web Services, Inc.' to Landscape in SubCategory 'Steering Membership'
2026-06-30 05:29:59,077 [DEBUG] Saving hosted_logos 'hosted_logos/amazon_web_services_inc.svg'
2026-06-30 05:29:59,077 [DEBUG] Processing into landscape item attributes
2026-06-30 05:29:59,077 [INFO] Processing 'BrightQuery'...
2026-06-30 05:29:59,077 [INFO] Added 'BrightQuery' to Landscape in SubCategory 'General Membership'
2026-06-30 05:29:59,077 [DEBUG] Saving hosted_logos 'hosted_logos/brightquery.svg'
2026-06-30 05:29:59,077 [DEBUG] Processing into landscape item attributes
2026-06-30 05:29:59,077 [INFO] Processing 'Camptocamp'...
2026-06-30 05:29:59,078 [INFO] Added 'Camptocamp' to Landscape in SubCategory 'Contributor Membership'
2026-06-30 05:29:59,078 [DEBUG] Saving hosted_logos 'hosted_logos/camptocamp.svg'
2026-06-30 05:29:59,078 [DEBUG] Processing into landscape item attributes
2026-06-30 05:29:59,078 [INFO] Processing 'CARIAD SE'...
2026-06-30 05:29:59,078 [INFO] Added 'CARIAD SE' to Landscape in SubCategory 'Contributor Membership'
2026-06-30 05:29:59,078 [DEBUG] Saving hosted_logos 'hosted_logos/cariad_se.svg'
2026-06-30 05:29:59,078 [DEBUG] Processing into landscape item attributes
2026-06-30 05:29:59,078 [INFO] Processing 'con terra'...
2026-06-30 05:29:59,078 [INFO] Added 'con terra' to Landscape in SubCategory 'Contributor Membership'
2026-06-30 05:29:59,078 [DEBUG] Saving hosted_logos 'hosted_logos/con_terra.svg'
2026-06-30 05:29:59,079 [DEBUG] Processing into landscape item attributes
2026-06-30 05:29:59,079 [INFO] Processing 'CoreLogic Solutions, LLC.'...
2026-06-30 05:29:59,079 [INFO] Added 'CoreLogic Solutions, LLC.' to Landscape in SubCategory 'Contributor Membership'
2026-06-30 05:29:59,079 [DEBUG] Saving hosted_logos 'hosted_logos/corelogic_solutions_llc.svg'
2026-06-30 05:29:59,079 [DEBUG] Processing into landscape item attributes
2026-06-30 05:29:59,079 [INFO] Processing 'Cyient Limited'...
2026-06-30 05:29:59,079 [INFO] Added 'Cyient Limited' to Landscape in SubCategory 'Contributor Membership'
2026-06-30 05:29:59,079 [DEBUG] Saving hosted_logos 'hosted_logos/cyient_limited.svg'
2026-06-30 05:29:59,079 [DEBUG] Processing into landscape item attributes
2026-06-30 05:29:59,079 [INFO] Processing 'Development Seed'...
2026-06-30 05:29:59,079 [INFO] Added 'Development Seed' to Landscape in SubCategory 'Contributor Membership'
2026-06-30 05:29:59,080 [DEBUG] Saving hosted_logos 'hosted_logos/development_seed.svg'
2026-06-30 05:29:59,080 [DEBUG] Processing into landscape item attributes
2026-06-30 05:29:59,080 [INFO] Processing 'E Foundation'...
2026-06-30 05:29:59,080 [INFO] Added 'E Foundation' to Landscape in SubCategory 'Contributor'
2026-06-30 05:29:59,080 [DEBUG] Saving hosted_logos 'hosted_logos/e_foundation.svg'
2026-06-30 05:29:59,080 [DEBUG] Processing into landscape item attributes
2026-06-30 05:29:59,080 [INFO] Processing 'Environmental Systems Research Institute, Inc. (ESRI)'...
2026-06-30 05:29:59,080 [INFO] Added 'Environmental Systems Research Institute, Inc. (ESRI)' to Landscape in SubCategory 'General Membership'
2026-06-30 05:29:59,080 [DEBUG] Saving hosted_logos 'hosted_logos/environmental_systems_research_institute_inc.svg'
2026-06-30 05:29:59,081 [DEBUG] Processing into landscape item attributes
2026-06-30 05:29:59,081 [INFO] Processing 'Fresno County Department of Public Works & Planning'...
2026-06-30 05:29:59,081 [INFO] Added 'Fresno County Department of Public Works & Planning' to Landscape in SubCategory 'Contributor'
2026-06-30 05:29:59,081 [DEBUG] Saving hosted_logos 'hosted_logos/fresno_county_department_of_public_works_planning.svg'
2026-06-30 05:29:59,081 [DEBUG] Processing into landscape item attributes
2026-06-30 05:29:59,081 [INFO] Processing 'Fused'...
2026-06-30 05:29:59,081 [INFO] Added 'Fused' to Landscape in SubCategory 'Contributor Membership'
2026-06-30 05:29:59,081 [DEBUG] Saving hosted_logos 'hosted_logos/fused.svg'
2026-06-30 05:29:59,081 [DEBUG] Processing into landscape item attributes
2026-06-30 05:29:59,082 [INFO] Processing 'GEM Foundation'...
2026-06-30 05:29:59,082 [INFO] Added 'GEM Foundation' to Landscape in SubCategory 'Contributor'
2026-06-30 05:29:59,082 [DEBUG] Saving hosted_logos 'hosted_logos/gem_foundation.svg'
2026-06-30 05:29:59,082 [DEBUG] Processing into landscape item attributes
2026-06-30 05:29:59,082 [INFO] Processing 'GlobalLogic Inc.'...
2026-06-30 05:29:59,082 [INFO] Added 'GlobalLogic Inc.' to Landscape in SubCategory 'Contributor'
2026-06-30 05:29:59,082 [DEBUG] Saving hosted_logos 'hosted_logos/globallogic_inc.svg'
2026-06-30 05:29:59,082 [DEBUG] Processing into landscape item attributes
2026-06-30 05:29:59,082 [INFO] Processing 'Grab Holdings Inc.'...
2026-06-30 05:29:59,083 [INFO] Added 'Grab Holdings Inc.' to Landscape in SubCategory 'Contributor Membership'
2026-06-30 05:29:59,083 [DEBUG] Saving hosted_logos 'hosted_logos/grab_holdings_inc.svg'
2026-06-30 05:29:59,083 [DEBUG] Processing into landscape item attributes
2026-06-30 05:29:59,083 [INFO] Processing 'Humanitarian OpenstreetMap Team'...
2026-06-30 05:29:59,083 [INFO] Added 'Humanitarian OpenstreetMap Team' to Landscape in SubCategory 'Contributor'
2026-06-30 05:29:59,084 [DEBUG] Saving hosted_logos 'hosted_logos/humanitarian_openstreetmap_team.svg'
2026-06-30 05:29:59,084 [DEBUG] Processing into landscape item attributes
2026-06-30 05:29:59,084 [INFO] Processing 'Hyundai Motor Group'...
2026-06-30 05:29:59,084 [INFO] Added 'Hyundai Motor Group' to Landscape in SubCategory 'Contributor Membership'
2026-06-30 05:29:59,084 [DEBUG] Saving hosted_logos 'hosted_logos/hyundai_motor_group.svg'
2026-06-30 05:29:59,084 [DEBUG] Processing into landscape item attributes
2026-06-30 05:29:59,084 [INFO] Processing 'Inframappa'...
2026-06-30 05:29:59,084 [INFO] Added 'Inframappa' to Landscape in SubCategory 'Contributor Membership'
2026-06-30 05:29:59,084 [DEBUG] Saving hosted_logos 'hosted_logos/inframappa.svg'
2026-06-30 05:29:59,085 [DEBUG] Processing into landscape item attributes
2026-06-30 05:29:59,085 [INFO] Processing 'Intellias Global Limited'...
2026-06-30 05:29:59,085 [INFO] Added 'Intellias Global Limited' to Landscape in SubCategory 'Contributor Membership'
2026-06-30 05:29:59,085 [DEBUG] Saving hosted_logos 'hosted_logos/intellias_global_limited.svg'
2026-06-30 05:29:59,085 [DEBUG] Processing into landscape item attributes
2026-06-30 05:29:59,085 [INFO] Processing 'krick.com GmbH + Co. KG'...
2026-06-30 05:29:59,085 [INFO] Added 'krick.com GmbH + Co. KG' to Landscape in SubCategory 'Contributor Membership'
2026-06-30 05:29:59,085 [DEBUG] Saving hosted_logos 'hosted_logos/krick_com_gmbh_co.svg'
2026-06-30 05:29:59,085 [DEBUG] Processing into landscape item attributes
2026-06-30 05:29:59,085 [INFO] Processing 'Meta Platforms, Inc.'...
2026-06-30 05:29:59,085 [INFO] Added 'Meta Platforms, Inc.' to Landscape in SubCategory 'General Membership'
2026-06-30 05:29:59,086 [DEBUG] Saving hosted_logos 'hosted_logos/meta_platforms_inc.svg'
2026-06-30 05:29:59,086 [DEBUG] Processing into landscape item attributes
2026-06-30 05:29:59,086 [INFO] Processing 'Microsoft Corporation'...
2026-06-30 05:29:59,086 [INFO] Added 'Microsoft Corporation' to Landscape in SubCategory 'Steering Membership'
2026-06-30 05:29:59,086 [DEBUG] Saving hosted_logos 'hosted_logos/microsoft_corporation.svg'
2026-06-30 05:29:59,086 [DEBUG] Processing into landscape item attributes
2026-06-30 05:29:59,086 [INFO] Processing 'MobilityData'...
2026-06-30 05:29:59,086 [INFO] Added 'MobilityData' to Landscape in SubCategory 'Contributor'
2026-06-30 05:29:59,086 [DEBUG] Saving hosted_logos 'hosted_logos/mobilitydata.svg'
2026-06-30 05:29:59,086 [DEBUG] Processing into landscape item attributes
2026-06-30 05:29:59,086 [INFO] Processing 'Nearmap Australia Pty Ltd'...
2026-06-30 05:29:59,086 [INFO] Added 'Nearmap Australia Pty Ltd' to Landscape in SubCategory 'Contributor Membership'
2026-06-30 05:29:59,087 [DEBUG] Saving hosted_logos 'hosted_logos/nearmap_australia_pty_ltd.svg'
2026-06-30 05:29:59,087 [DEBUG] Processing into landscape item attributes
2026-06-30 05:29:59,087 [INFO] Processing 'Neusoft Corporation'...
2026-06-30 05:29:59,087 [INFO] Added 'Neusoft Corporation' to Landscape in SubCategory 'Contributor Membership'
2026-06-30 05:29:59,087 [DEBUG] Saving hosted_logos 'hosted_logos/neusoft_corporation.svg'
2026-06-30 05:29:59,087 [DEBUG] Processing into landscape item attributes
2026-06-30 05:29:59,087 [INFO] Processing 'Niantic'...
2026-06-30 05:29:59,087 [INFO] Added 'Niantic' to Landscape in SubCategory 'Contributor Membership'
2026-06-30 05:29:59,087 [DEBUG] Saving hosted_logos 'hosted_logos/niantic.svg'
2026-06-30 05:29:59,087 [DEBUG] Processing into landscape item attributes
2026-06-30 05:29:59,088 [INFO] Processing 'Nology'...
2026-06-30 05:29:59,088 [INFO] Added 'Nology' to Landscape in SubCategory 'Contributor Membership'
2026-06-30 05:29:59,088 [DEBUG] Saving hosted_logos 'hosted_logos/nology.svg'
2026-06-30 05:29:59,088 [DEBUG] Processing into landscape item attributes
2026-06-30 05:29:59,088 [INFO] Processing 'OpenTravel Alliance'...
2026-06-30 05:29:59,088 [INFO] Added 'OpenTravel Alliance' to Landscape in SubCategory 'Contributor'
2026-06-30 05:29:59,088 [DEBUG] Saving hosted_logos 'hosted_logos/opentravel_alliance.svg'
2026-06-30 05:29:59,088 [DEBUG] Processing into landscape item attributes
2026-06-30 05:29:59,089 [INFO] Processing 'Precisely Holdings, LLC'...
2026-06-30 05:29:59,089 [INFO] Added 'Precisely Holdings, LLC' to Landscape in SubCategory 'Contributor Membership'
2026-06-30 05:29:59,089 [DEBUG] Saving hosted_logos 'hosted_logos/precisely_holdings_llc.svg'
2026-06-30 05:29:59,089 [DEBUG] Processing into landscape item attributes
2026-06-30 05:29:59,089 [INFO] Processing 'Regrid'...
2026-06-30 05:29:59,089 [INFO] Added 'Regrid' to Landscape in SubCategory 'Contributor Membership'
2026-06-30 05:29:59,089 [DEBUG] Saving hosted_logos 'hosted_logos/regrid.svg'
2026-06-30 05:29:59,089 [DEBUG] Processing into landscape item attributes
2026-06-30 05:29:59,089 [INFO] Processing 'RESOURCE ADVANCEMENT FOR INQUISITIVE KIDS INTERNATIONAL RAFIKI'...
2026-06-30 05:29:59,089 [INFO] Added 'RESOURCE ADVANCEMENT FOR INQUISITIVE KIDS INTERNATIONAL RAFIKI' to Landscape in SubCategory 'Contributor'
2026-06-30 05:29:59,089 [DEBUG] Saving hosted_logos 'hosted_logos/resource_advancement_for_inquisitive_kids_international_rafiki.svg'
2026-06-30 05:29:59,090 [DEBUG] Processing into landscape item attributes
2026-06-30 05:29:59,090 [INFO] Processing 'SafeGraph'...
2026-06-30 05:29:59,090 [INFO] Added 'SafeGraph' to Landscape in SubCategory 'Contributor Membership'
2026-06-30 05:29:59,090 [DEBUG] Saving hosted_logos 'hosted_logos/safegraph.svg'
2026-06-30 05:29:59,090 [DEBUG] Processing into landscape item attributes
2026-06-30 05:29:59,090 [INFO] Processing 'Smarty'...
2026-06-30 05:29:59,090 [INFO] Added 'Smarty' to Landscape in SubCategory 'Contributor Membership'
2026-06-30 05:29:59,090 [DEBUG] Saving hosted_logos 'hosted_logos/smarty.svg'
2026-06-30 05:29:59,090 [DEBUG] Processing into landscape item attributes
2026-06-30 05:29:59,091 [INFO] Processing 'Sparkgeo'...
2026-06-30 05:29:59,091 [INFO] Added 'Sparkgeo' to Landscape in SubCategory 'Contributor Membership'
2026-06-30 05:29:59,091 [DEBUG] Saving hosted_logos 'hosted_logos/sparkgeo.svg'
2026-06-30 05:29:59,091 [DEBUG] Processing into landscape item attributes
2026-06-30 05:29:59,091 [INFO] Processing 'Staer'...
2026-06-30 05:29:59,091 [INFO] Added 'Staer' to Landscape in SubCategory 'Contributor Membership'
2026-06-30 05:29:59,091 [DEBUG] Saving hosted_logos 'hosted_logos/staer.svg'
2026-06-30 05:29:59,091 [DEBUG] Processing into landscape item attributes
2026-06-30 05:29:59,091 [INFO] Processing 'TomTom international BV'...
2026-06-30 05:29:59,091 [INFO] Added 'TomTom international BV' to Landscape in SubCategory 'Steering Membership'
2026-06-30 05:29:59,092 [DEBUG] Saving hosted_logos 'hosted_logos/tomtom_international_bv.svg'
2026-06-30 05:29:59,092 [DEBUG] Processing into landscape item attributes
2026-06-30 05:29:59,092 [INFO] Processing 'Tripadvisor LLC'...
2026-06-30 05:29:59,092 [INFO] Added 'Tripadvisor LLC' to Landscape in SubCategory 'Contributor Membership'
2026-06-30 05:29:59,092 [DEBUG] Saving hosted_logos 'hosted_logos/tripadvisor_llc.svg'
2026-06-30 05:29:59,092 [DEBUG] Processing into landscape item attributes
2026-06-30 05:29:59,092 [INFO] Processing 'Uber Technologies Inc.'...
2026-06-30 05:29:59,092 [INFO] Added 'Uber Technologies Inc.' to Landscape in SubCategory 'Contributor Membership'
2026-06-30 05:29:59,092 [DEBUG] Saving hosted_logos 'hosted_logos/uber_technologies_inc.svg'
2026-06-30 05:29:59,092 [DEBUG] Processing into landscape item attributes
2026-06-30 05:29:59,093 [INFO] Processing 'UC Santa Cruz'...
2026-06-30 05:29:59,093 [INFO] Added 'UC Santa Cruz' to Landscape in SubCategory 'Contributor'
2026-06-30 05:29:59,093 [DEBUG] Saving hosted_logos 'hosted_logos/uc_santa_cruz.svg'
2026-06-30 05:29:59,093 [DEBUG] Processing into landscape item attributes
2026-06-30 05:29:59,093 [INFO] Processing 'Vantor'...
2026-06-30 05:29:59,093 [INFO] Added 'Vantor' to Landscape in SubCategory 'Contributor Membership'
2026-06-30 05:29:59,093 [DEBUG] Saving hosted_logos 'hosted_logos/vantor.svg'
2026-06-30 05:29:59,094 [DEBUG] Processing into landscape item attributes
2026-06-30 05:29:59,094 [INFO] Processing 'voygr'...
2026-06-30 05:29:59,094 [INFO] Added 'voygr' to Landscape in SubCategory 'Contributor Membership'
2026-06-30 05:29:59,094 [DEBUG] Saving hosted_logos 'hosted_logos/voygr.svg'
2026-06-30 05:29:59,094 [DEBUG] Processing into landscape item attributes
2026-06-30 05:29:59,094 [INFO] Processing 'Wherobots, Inc'...
2026-06-30 05:29:59,094 [INFO] Added 'Wherobots, Inc' to Landscape in SubCategory 'Contributor Membership'
2026-06-30 05:29:59,094 [DEBUG] Saving hosted_logos 'hosted_logos/wherobots_inc.svg'
2026-06-30 05:29:59,094 [DEBUG] Processing into landscape item attributes
2026-06-30 05:29:59,094 [INFO] Processing 'Zephr.xyz'...
2026-06-30 05:29:59,094 [INFO] Added 'Zephr.xyz' to Landscape in SubCategory 'Contributor Membership'
2026-06-30 05:29:59,095 [DEBUG] Saving hosted_logos 'hosted_logos/zephr.svg'
2026-06-30 05:29:59,095 [DEBUG] Processing into landscape item attributes
2026-06-30 05:29:59,097 [DEBUG] Successfully opened landscape file 'landscape.yml'
2026-06-30 05:29:59,149 [DEBUG] Successfully parsed yaml output in landscape file 'landscape.yml'
2026-06-30 05:29:59,149 [DEBUG] Landscape Category 'Overture Maps Members' found
2026-06-30 05:29:59,189 [INFO] Successfully processed 45 members and skipped 0 members
2026-06-30 05:29:59,189 [INFO] This took 0:00:15.816189 seconds
